C:\USERS\ROADSHOW1\DOCUMENTS\STANFORD\CS148\HOMEWORK_3\HW3_STARTER\HW3_STARTER\VS2012\DEBUG\MAIN_3.OBJ
C:\USERS\ROADSHOW1\DOCUMENTS\STANFORD\CS148\HOMEWORK_3\HW3_STARTER\HW3_STARTER\VS2012\DEBUG\SIMPLEIMAGE.OBJ
C:\USERS\ROADSHOW1\DOCUMENTS\STANFORD\CS148\HOMEWORK_3\HW3_STARTER\HW3_STARTER\VS2012\DEBUG\VC110.PDB
C:\USERS\ROADSHOW1\DOCUMENTS\STANFORD\CS148\HOMEWORK_3\HW3_STARTER\HW3_STARTER\VS2012\DEBUG\HW3.ILK
C:\USERS\ROADSHOW1\DOCUMENTS\STANFORD\CS148\HOMEWORK_3\HW3_STARTER\HW3_STARTER\VS2012\DEBUG\HW3.EXE
C:\USERS\ROADSHOW1\DOCUMENTS\STANFORD\CS148\HOMEWORK_3\HW3_STARTER\HW3_STARTER\VS2012\DEBUG\HW3.PDB
C:\Users\Roadshow1\Documents\Stanford\CS148\Homework_3\hw3_starter\hw3_starter\vs2012\Debug\capsule.obj
C:\Users\Roadshow1\Documents\Stanford\CS148\Homework_3\hw3_starter\hw3_starter\vs2012\Debug\main_3.obj
C:\Users\Roadshow1\Documents\Stanford\CS148\Homework_3\hw3_starter\hw3_starter\vs2012\Debug\SimpleImage.obj
C:\Users\Roadshow1\Documents\Stanford\CS148\Homework_3\hw3_starter\hw3_starter\vs2012\Debug\hw3.ilk
C:\Users\Roadshow1\Documents\Stanford\CS148\Homework_3\hw3_starter\hw3_starter\vs2012\Debug\cl.command.1.tlog
C:\Users\Roadshow1\Documents\Stanford\CS148\Homework_3\hw3_starter\hw3_starter\vs2012\Debug\CL.read.1.tlog
C:\Users\Roadshow1\Documents\Stanford\CS148\Homework_3\hw3_starter\hw3_starter\vs2012\Debug\CL.write.1.tlog
C:\Users\Roadshow1\Documents\Stanford\CS148\Homework_3\hw3_starter\hw3_starter\vs2012\Debug\link-cvtres.read.1.tlog
C:\Users\Roadshow1\Documents\Stanford\CS148\Homework_3\hw3_starter\hw3_starter\vs2012\Debug\link-cvtres.write.1.tlog
C:\Users\Roadshow1\Documents\Stanford\CS148\Homework_3\hw3_starter\hw3_starter\vs2012\Debug\link-rc.read.1.tlog
C:\Users\Roadshow1\Documents\Stanford\CS148\Homework_3\hw3_starter\hw3_starter\vs2012\Debug\link-rc.write.1.tlog
C:\Users\Roadshow1\Documents\Stanford\CS148\Homework_3\hw3_starter\hw3_starter\vs2012\Debug\link.command.1.tlog
C:\Users\Roadshow1\Documents\Stanford\CS148\Homework_3\hw3_starter\hw3_starter\vs2012\Debug\link.read.1.tlog
C:\Users\Roadshow1\Documents\Stanford\CS148\Homework_3\hw3_starter\hw3_starter\vs2012\Debug\link.write.1.tlog
C:\Users\Roadshow1\Documents\Stanford\CS148\Homework_3\hw3_starter\hw3_starter\vs2012\Debug\vc110.idb
C:\Users\Roadshow1\Documents\Stanford\CS148\Homework_3\hw3_starter\hw3_starter\vs2012\Debug\hw3.pdb
C:\Users\Roadshow1\Documents\Stanford\CS148\Homework_3\hw3_starter\hw3_starter\vs2012\Debug\vc110.pdb
C:\Users\Roadshow1\Documents\Stanford\CS148\Homework_3\hw3_starter\hw3_starter\vs2012\Debug\hw3.exe
