C:\USERS\ROADSHOW1\DOCUMENTS\STANFORD\CS148\HOMEWORK_4\MAIN_4\MAIN_4\MAIN_4\DEBUG\MAIN_4.OBJ
C:\USERS\ROADSHOW1\DOCUMENTS\STANFORD\CS148\HOMEWORK_4\MAIN_4\MAIN_4\MAIN_4\DEBUG\VC110.PDB
C:\USERS\ROADSHOW1\DOCUMENTS\STANFORD\CS148\HOMEWORK_4\MAIN_4\MAIN_4\DEBUG\MAIN_4.ILK
C:\USERS\ROADSHOW1\DOCUMENTS\STANFORD\CS148\HOMEWORK_4\MAIN_4\MAIN_4\DEBUG\MAIN_4.EXE
C:\USERS\ROADSHOW1\DOCUMENTS\STANFORD\CS148\HOMEWORK_4\MAIN_4\MAIN_4\DEBUG\MAIN_4.PDB
C:\Users\Roadshow1\Documents\Stanford\CS148\Homework_4\Main_4\Main_4\Main_4\Debug\main_4.obj
C:\Users\Roadshow1\Documents\Stanford\CS148\Homework_4\Main_4\Main_4\Main_4\Debug\cl.command.1.tlog
C:\Users\Roadshow1\Documents\Stanford\CS148\Homework_4\Main_4\Main_4\Main_4\Debug\CL.read.1.tlog
C:\Users\Roadshow1\Documents\Stanford\CS148\Homework_4\Main_4\Main_4\Main_4\Debug\CL.write.1.tlog
C:\Users\Roadshow1\Documents\Stanford\CS148\Homework_4\Main_4\Main_4\Main_4\Debug\link-cvtres.read.1.tlog
C:\Users\Roadshow1\Documents\Stanford\CS148\Homework_4\Main_4\Main_4\Main_4\Debug\link-cvtres.write.1.tlog
C:\Users\Roadshow1\Documents\Stanford\CS148\Homework_4\Main_4\Main_4\Main_4\Debug\link-rc.read.1.tlog
C:\Users\Roadshow1\Documents\Stanford\CS148\Homework_4\Main_4\Main_4\Main_4\Debug\link-rc.write.1.tlog
C:\Users\Roadshow1\Documents\Stanford\CS148\Homework_4\Main_4\Main_4\Main_4\Debug\link.command.1.tlog
C:\Users\Roadshow1\Documents\Stanford\CS148\Homework_4\Main_4\Main_4\Main_4\Debug\link.read.1.tlog
C:\Users\Roadshow1\Documents\Stanford\CS148\Homework_4\Main_4\Main_4\Main_4\Debug\link.write.1.tlog
C:\Users\Roadshow1\Documents\Stanford\CS148\Homework_4\Main_4\Main_4\Main_4\Debug\vc110.idb
C:\Users\Roadshow1\Documents\Stanford\CS148\Homework_4\Main_4\Main_4\Main_4\Debug\vc110.pdb
C:\Users\Roadshow1\Documents\Stanford\CS148\Homework_4\Main_4\Main_4\Debug\Main_4.pdb
C:\Users\Roadshow1\Documents\Stanford\CS148\Homework_4\Main_4\Main_4\Debug\Main_4.exe
C:\Users\Roadshow1\Documents\Stanford\CS148\Homework_4\Main_4\Main_4\Debug\Main_4.ilk
