Build started 8/6/2014 9:35:57 PM.
     1>Project "C:\Users\Roadshow1\Documents\Stanford\CS148\Homework_5_V4\hw5-starter\hw5-starter\hw5.vcxproj" on node 2 (Build target(s)).
     1>ClCompile:
         C:\Program Files (x86)\Microsoft Visual Studio 11.0\VC\bin\CL.exe /c /I"C:\Program Files (x86)\Microsoft Visual Studio 11.0\VC\include" /ZI /nologo /W3 /WX- /sdl /Od /Oy- /D WIN32 /D _DEBUG /D _CONSOLE /D _CRT_SECURE_NO_WARNINGS /D NOMINMAX /D _UNICODE /D UNICODE /Gm /EHsc /RTC1 /MDd /GS /fp:precise /Zc:wchar_t /Zc:forScope /Fo"Debug\\" /Fd"Debug\vc110.pdb" /Gd /TP /analyze- /errorReport:prompt main_part_4.cpp SimpleImage.cpp
         SimpleImage.cpp
     1>c:\users\roadshow1\documents\stanford\cs148\homework_5_v4\hw5-starter\hw5-starter\simpleimage.cpp(299): warning C4244: '=' : conversion from 'float' to 'unsigned char', possible loss of data
     1>c:\users\roadshow1\documents\stanford\cs148\homework_5_v4\hw5-starter\hw5-starter\simpleimage.cpp(300): warning C4244: '=' : conversion from 'float' to 'unsigned char', possible loss of data
     1>c:\users\roadshow1\documents\stanford\cs148\homework_5_v4\hw5-starter\hw5-starter\simpleimage.cpp(301): warning C4244: '=' : conversion from 'float' to 'unsigned char', possible loss of data
         main_part_4.cpp
         Generating Code...
       Link:
         C:\Program Files (x86)\Microsoft Visual Studio 11.0\VC\bin\link.exe /ERRORREPORT:PROMPT /OUT:"C:\Users\Roadshow1\Documents\Stanford\CS148\Homework_5_V4\hw5-starter\hw5-starter\Debug\hw5.exe" /INCREMENTAL /NOLOGO libpng.lib zlib.lib glew.lib kernel32.lib user32.lib gdi32.lib winspool.lib comdlg32.lib advapi32.lib shell32.lib ole32.lib oleaut32.lib uuid.lib odbc32.lib odbccp32.lib /MANIFEST /MANIFESTUAC:"level='asInvoker' uiAccess='false'" /manifest:embed /DEBUG /PDB:"C:\Users\Roadshow1\Documents\Stanford\CS148\Homework_5_V4\hw5-starter\hw5-starter\Debug\hw5.pdb" /SUBSYSTEM:CONSOLE /TLBID:1 /DYNAMICBASE /NXCOMPAT /IMPLIB:"C:\Users\Roadshow1\Documents\Stanford\CS148\Homework_5_V4\hw5-starter\hw5-starter\Debug\hw5.lib" /MACHINE:X86 Debug\main_part_4.obj
         Debug\SimpleImage.obj
     1>LINK : warning LNK4098: defaultlib 'MSVCRT' conflicts with use of other libs; use /NODEFAULTLIB:library
     1>LINK : warning LNK4098: defaultlib 'LIBCMT' conflicts with use of other libs; use /NODEFAULTLIB:library
     1>glew.lib(glew.obj) : warning LNK4099: PDB 'vc100.pdb' was not found with 'glew.lib(glew.obj)' or at 'C:\Users\Roadshow1\Documents\Stanford\CS148\Homework_5_V4\hw5-starter\hw5-starter\Debug\vc100.pdb'; linking object as if no debug info
         hw5.vcxproj -> C:\Users\Roadshow1\Documents\Stanford\CS148\Homework_5_V4\hw5-starter\hw5-starter\Debug\hw5.exe
     1>Done Building Project "C:\Users\Roadshow1\Documents\Stanford\CS148\Homework_5_V4\hw5-starter\hw5-starter\hw5.vcxproj" (Build target(s)).

Build succeeded.

Time Elapsed 00:00:02.60
