C:\USERS\ROADSHOW1\DOCUMENTS\STANFORD\CS148\HOMEWORK_5_V4\HW5-STARTER\HW5-STARTER\DEBUG\MAIN_PART_4.OBJ
C:\USERS\ROADSHOW1\DOCUMENTS\STANFORD\CS148\HOMEWORK_5_V4\HW5-STARTER\HW5-STARTER\DEBUG\SIMPLEIMAGE.OBJ
C:\USERS\ROADSHOW1\DOCUMENTS\STANFORD\CS148\HOMEWORK_5_V4\HW5-STARTER\HW5-STARTER\DEBUG\VC110.PDB
C:\USERS\ROADSHOW1\DOCUMENTS\STANFORD\CS148\HOMEWORK_5_V4\HW5-STARTER\HW5-STARTER\DEBUG\HW5.ILK
C:\USERS\ROADSHOW1\DOCUMENTS\STANFORD\CS148\HOMEWORK_5_V4\HW5-STARTER\HW5-STARTER\DEBUG\HW5.EXE
C:\USERS\ROADSHOW1\DOCUMENTS\STANFORD\CS148\HOMEWORK_5_V4\HW5-STARTER\HW5-STARTER\DEBUG\HW5.PDB
C:\Users\Roadshow1\Documents\Stanford\CS148\Homework_5_V4\hw5-starter\hw5-starter\Debug\main_part_4.obj
C:\Users\Roadshow1\Documents\Stanford\CS148\Homework_5_V4\hw5-starter\hw5-starter\Debug\SimpleImage.obj
C:\Users\Roadshow1\Documents\Stanford\CS148\Homework_5_V4\hw5-starter\hw5-starter\Debug\hw5.ilk
C:\Users\Roadshow1\Documents\Stanford\CS148\Homework_5_V4\hw5-starter\hw5-starter\Debug\cl.command.1.tlog
C:\Users\Roadshow1\Documents\Stanford\CS148\Homework_5_V4\hw5-starter\hw5-starter\Debug\CL.read.1.tlog
C:\Users\Roadshow1\Documents\Stanford\CS148\Homework_5_V4\hw5-starter\hw5-starter\Debug\CL.write.1.tlog
C:\Users\Roadshow1\Documents\Stanford\CS148\Homework_5_V4\hw5-starter\hw5-starter\Debug\link-cvtres.read.1.tlog
C:\Users\Roadshow1\Documents\Stanford\CS148\Homework_5_V4\hw5-starter\hw5-starter\Debug\link-cvtres.write.1.tlog
C:\Users\Roadshow1\Documents\Stanford\CS148\Homework_5_V4\hw5-starter\hw5-starter\Debug\link-rc.read.1.tlog
C:\Users\Roadshow1\Documents\Stanford\CS148\Homework_5_V4\hw5-starter\hw5-starter\Debug\link-rc.write.1.tlog
C:\Users\Roadshow1\Documents\Stanford\CS148\Homework_5_V4\hw5-starter\hw5-starter\Debug\link.7740-cvtres.read.1.tlog
C:\Users\Roadshow1\Documents\Stanford\CS148\Homework_5_V4\hw5-starter\hw5-starter\Debug\link.7740-cvtres.write.1.tlog
C:\Users\Roadshow1\Documents\Stanford\CS148\Homework_5_V4\hw5-starter\hw5-starter\Debug\link.7740-rc.read.1.tlog
C:\Users\Roadshow1\Documents\Stanford\CS148\Homework_5_V4\hw5-starter\hw5-starter\Debug\link.7740-rc.write.1.tlog
C:\Users\Roadshow1\Documents\Stanford\CS148\Homework_5_V4\hw5-starter\hw5-starter\Debug\link.7740.read.1.tlog
C:\Users\Roadshow1\Documents\Stanford\CS148\Homework_5_V4\hw5-starter\hw5-starter\Debug\link.7740.write.1.tlog
C:\Users\Roadshow1\Documents\Stanford\CS148\Homework_5_V4\hw5-starter\hw5-starter\Debug\link.command.1.tlog
C:\Users\Roadshow1\Documents\Stanford\CS148\Homework_5_V4\hw5-starter\hw5-starter\Debug\link.read.1.tlog
C:\Users\Roadshow1\Documents\Stanford\CS148\Homework_5_V4\hw5-starter\hw5-starter\Debug\link.write.1.tlog
C:\Users\Roadshow1\Documents\Stanford\CS148\Homework_5_V4\hw5-starter\hw5-starter\Debug\vc110.idb
C:\Users\Roadshow1\Documents\Stanford\CS148\Homework_5_V4\hw5-starter\hw5-starter\Debug\hw5.pdb
C:\Users\Roadshow1\Documents\Stanford\CS148\Homework_5_V4\hw5-starter\hw5-starter\Debug\vc110.pdb
C:\Users\Roadshow1\Documents\Stanford\CS148\Homework_5_V4\hw5-starter\hw5-starter\Debug\hw5.exe
