C:\USERS\ROADSHOW1\DOCUMENTS\STANFORD\CS148\HOMEWORK_4\HW4\HW4\DEBUG\MAIN1.OBJ
C:\USERS\ROADSHOW1\DOCUMENTS\STANFORD\CS148\HOMEWORK_4\HW4\HW4\DEBUG\VC110.PDB
C:\USERS\ROADSHOW1\DOCUMENTS\STANFORD\CS148\HOMEWORK_4\HW4\DEBUG\HW4.ILK
C:\USERS\ROADSHOW1\DOCUMENTS\STANFORD\CS148\HOMEWORK_4\HW4\DEBUG\HW4.EXE
C:\USERS\ROADSHOW1\DOCUMENTS\STANFORD\CS148\HOMEWORK_4\HW4\DEBUG\HW4.PDB
C:\Users\Roadshow1\Documents\Stanford\CS148\Homework_4\HW4\HW4\Debug\Main1.obj
C:\Users\Roadshow1\Documents\Stanford\CS148\Homework_4\HW4\HW4\Debug\cl.command.1.tlog
C:\Users\Roadshow1\Documents\Stanford\CS148\Homework_4\HW4\HW4\Debug\CL.read.1.tlog
C:\Users\Roadshow1\Documents\Stanford\CS148\Homework_4\HW4\HW4\Debug\CL.write.1.tlog
C:\Users\Roadshow1\Documents\Stanford\CS148\Homework_4\HW4\HW4\Debug\link-cvtres.read.1.tlog
C:\Users\Roadshow1\Documents\Stanford\CS148\Homework_4\HW4\HW4\Debug\link-cvtres.write.1.tlog
C:\Users\Roadshow1\Documents\Stanford\CS148\Homework_4\HW4\HW4\Debug\link-rc.read.1.tlog
C:\Users\Roadshow1\Documents\Stanford\CS148\Homework_4\HW4\HW4\Debug\link-rc.write.1.tlog
C:\Users\Roadshow1\Documents\Stanford\CS148\Homework_4\HW4\HW4\Debug\link.command.1.tlog
C:\Users\Roadshow1\Documents\Stanford\CS148\Homework_4\HW4\HW4\Debug\link.read.1.tlog
C:\Users\Roadshow1\Documents\Stanford\CS148\Homework_4\HW4\HW4\Debug\link.write.1.tlog
C:\Users\Roadshow1\Documents\Stanford\CS148\Homework_4\HW4\HW4\Debug\vc110.idb
C:\Users\Roadshow1\Documents\Stanford\CS148\Homework_4\HW4\HW4\Debug\vc110.pdb
C:\Users\Roadshow1\Documents\Stanford\CS148\Homework_4\HW4\Debug\HW4.pdb
C:\Users\Roadshow1\Documents\Stanford\CS148\Homework_4\HW4\Debug\HW4.exe
C:\Users\Roadshow1\Documents\Stanford\CS148\Homework_4\HW4\Debug\HW4.ilk
